<!DOCTYPE html>
<html>
<head>
    <meta charset="UTF-8">
    <title>Build Failed - Garbcode App</title>
    <style>
        body { font-family: Arial, sans-serif; line-height: 1.6; color: #333; }
        .container { max-width: 600px; margin: 0 auto; padding: 20px; }
        .header { background-color: #dc3545; color: white; padding: 20px; text-align: center; border-radius: 5px 5px 0 0; }
        .content { background-color: #f8f9fa; padding: 20px; border-radius: 0 0 5px 5px; }
        .error-section { background-color: #fff3cd; border: 1px solid #ffeaa7; padding: 15px; margin: 15px 0; border-radius: 5px; }
        .resolve-section { background-color: #d1ecf1; border: 1px solid #bee5eb; padding: 15px; margin: 15px 0; border-radius: 5px; }
        .footer { text-align: center; margin-top: 20px; color: #6c757d; font-size: 12px; }
        .greeting { font-size: 18px; margin-bottom: 20px; }
        .error-title { color: #dc3545; font-weight: bold; }
        .resolve-title { color: #0c5460; font-weight: bold; }
        pre { background-color: #f8f9fa; padding: 10px; border-radius: 3px; overflow-x: auto; white-space: pre-wrap; }
    </style>
</head>
<body>
    <div class="container">
        <div class="header">
            <h1>üö® Build Failed</h1>
            <p>Garbcode App Android Build Process</p>
        </div>
        
        <div class="content">
            <div class="greeting">
                <strong>Hello,</strong><br>
                The Android build process for Garbcode App has encountered an error and failed to complete successfully.
            </div>
            
            <div class="error-section">
                <div class="error-title">‚ùå Error Summary:</div>
                <p>Build process failed with exit code 1</p>
            </div>
            
            <div class="error-section">
                <div class="error-title">üìã Error Details:</div>
                <pre>Resolving dependencies...
Downloading packages...
  app_links 3.5.1 (6.4.0 available)
  flutter_lints 5.0.0 (6.0.0 available)
  leak_tracker 10.0.9 (11.0.1 available)
  leak_tracker_flutter_testing 3.0.9 (3.0.10 available)
  leak_tracker_testing 3.0.1 (3.0.2 available)
  lints 5.1.1 (6.0.0 available)
  material_color_utilities 0.11.1 (0.13.0 available)
  meta 1.16.0 (1.17.0 available)
  test_api 0.7.4 (0.7.6 available)
  vector_math 2.1.4 (2.2.0 available)
  vm_service 15.0.0 (15.0.2 available)
Got dependencies!
11 packages have newer versions incompatible with dependency constraints.
Try `flutter pub outdated` for more information.
Running Gradle task 'assembleRelease'...                        
Both settings.gradle and settings.gradle.kts exist, so
settings.gradle.kts is ignored. This is likely a mistake.
Font asset "MaterialIcons-Regular.otf" was tree-shaken, reducing it from 1645184 to 19108 bytes (98.8% reduction). Tree-shaking can be disabled by providing the --no-tree-shake-icons flag when building your app.
warning: [options] source value 8 is obsolete and will be removed in a future release
warning: [options] target value 8 is obsolete and will be removed in a future release
warning: [options] To suppress warnings about obsolete options, use -Xlint:-options.
3 warnings
warning: [options] source value 8 is obsolete and will be removed in a future release
warning: [options] target value 8 is obsolete and will be removed in a future release
warning: [options] To suppress warnings about obsolete options, use -Xlint:-options.
Note: Some input files use or override a deprecated API.
Note: Recompile with -Xlint:deprecation for details.
Note: Some input files use unchecked or unsafe operations.
Note: Recompile with -Xlint:unchecked for details.
3 warnings

FAILURE: Build failed with an exception.

* What went wrong:
Execution failed for task ':app:packageRelease'.
> A failure occurred while executing com.android.build.gradle.tasks.PackageAndroidArtifact$IncrementalSplitterRunnable
   > SigningConfig "release" is missing required property "storeFile".

* Try:
> Run with --stacktrace option to get the stack trace.
> Run with --info or --debug option to get more log output.
> Run with --scan to get full insights.
> Get more help at https://help.gradle.org.

BUILD FAILED in 2m 38s
Running Gradle task 'assembleRelease'...                          159.4s
Gradle task assembleRelease failed with exit code 1</pre>
            </div>
            
            <div class="resolve-section">
                <div class="resolve-title">üîß Resolution Steps:</div>
                <ol>
                    <li>Review the error details above for specific issues</li>
<li>Check the build logs for more information</li>
<li>Run 'flutter clean' and try building again</li>
<li>Contact the development team if the issue persists</li>
                </ol>
            </div>
            
            <div style="margin-top: 20px; padding: 15px; background-color: #e9ecef; border-radius: 5px;">
                <strong>Build Information:</strong><br>
                ‚Ä¢ Project: Garbcode App<br>
                ‚Ä¢ Package: com.garbcode.garbcodeapp<br>
                ‚Ä¢ Version: 1.0.22<br>
                ‚Ä¢ Build Time: 2025-06-14 14:36:06<br>
                ‚Ä¢ Build ID: 20250614_143606
            </div>
        </div>
        
        <div class="footer">
            <p>This is an automated notification from the QuikApp build system.</p>
            <p>If you have any questions, please contact the development team.</p>
        </div>
    </div>
</body>
</html>
